生成启动时间为 2016-10-20 12:57:57。
     1>项目“D:\OpenCVFrame\OpenCVFrame\Haze2\Haze2\Haze2.vcxproj”在节点 2 上(Build 个目标)。
     1>ClCompile:
         D:\Program Files (x86)\Microsoft Visual Studio 12.0\VC\bin\x86_amd64\CL.exe /c /Zi /nologo /W1 /WX- /O2 /Gm- /EHsc /MD /GS /fp:precise /Zc:wchar_t /Zc:forScope /Fo"x64\Release\\" /Fd"x64\Release\vc120.pdb" /Gd /TP /errorReport:prompt Haze2.cpp HazeRemoval.cpp stdafx.cpp
         Haze2.cpp
     1>D:\opencv\build\install\include\opencv2/core/mat.hpp(1965): warning C4819: 该文件包含不能在当前代码页(936)中表示的字符。请将该文件保存为 Unicode 格式以防止数据丢失
     1>D:\opencv\build\install\include\opencv2/core/persistence.hpp : warning C4819: 该文件包含不能在当前代码页(936)中表示的字符。请将该文件保存为 Unicode 格式以防止数据丢失
     1>D:\opencv\build\install\include\opencv2/core/utility.hpp : warning C4819: 该文件包含不能在当前代码页(936)中表示的字符。请将该文件保存为 Unicode 格式以防止数据丢失
         HazeRemoval.cpp
     1>D:\opencv\build\install\include\opencv2/core/mat.hpp(1965): warning C4819: 该文件包含不能在当前代码页(936)中表示的字符。请将该文件保存为 Unicode 格式以防止数据丢失
     1>D:\opencv\build\install\include\opencv2/core/persistence.hpp : warning C4819: 该文件包含不能在当前代码页(936)中表示的字符。请将该文件保存为 Unicode 格式以防止数据丢失
     1>D:\opencv\build\install\include\opencv2/core/utility.hpp : warning C4819: 该文件包含不能在当前代码页(936)中表示的字符。请将该文件保存为 Unicode 格式以防止数据丢失
     1>HazeRemoval.cpp(292): warning C4552: “<”: 运算符不起任何作用；应输入带副作用的运算符
     1>HazeRemoval.cpp(333): warning C4553: “==”: 运算符不起任何作用；是否是有意使用“=”的?
     1>HazeRemoval.cpp(334): warning C4553: “==”: 运算符不起任何作用；是否是有意使用“=”的?
         stdafx.cpp
         正在生成代码...
     1>d:\opencvframe\opencvframe\haze2\haze2\hazeremoval.cpp(307): warning C4715: “LaplaceFilter”: 不是所有的控件路径都返回值
       Link:
         D:\Program Files (x86)\Microsoft Visual Studio 12.0\VC\bin\x86_amd64\link.exe /ERRORREPORT:PROMPT /OUT:"D:\OpenCVFrame\OpenCVFrame\Haze2\Haze2\x64\Release\Haze2.exe" /NOLOGO opencv_aruco310.lib opencv_bgsegm310.lib opencv_calib3d310.lib opencv_ccalib310.lib opencv_core310.lib opencv_datasets310.lib opencv_dnn310.lib opencv_dpm310.lib opencv_face310.lib opencv_features2d310.lib opencv_flann310.lib opencv_fuzzy310.lib opencv_highgui310.lib opencv_imgcodecs310.lib opencv_imgproc310.lib opencv_line_descriptor310.lib opencv_ml310.lib opencv_objdetect310.lib opencv_optflow310.lib opencv_photo310.lib opencv_plot310.lib opencv_reg310.lib opencv_rgbd310.lib opencv_saliency310.lib opencv_shape310.lib opencv_stereo310.lib opencv_stitching310.lib opencv_structured_light310.lib opencv_superres310.lib opencv_surface_matching310.lib opencv_text310.lib opencv_tracking310.lib opencv_ts310.lib opencv_video310.lib opencv_videoio310.lib opencv_videostab310.lib opencv_xfeatures2d310.lib opencv_ximgproc310.lib opencv_xobjdetect310.lib opencv_xphoto310.lib ippicvmt.lib kernel32.lib user32.lib gdi32.lib winspool.lib comdlg32.lib advapi32.lib shell32.lib ole32.lib oleaut32.lib uuid.lib odbc32.lib odbccp32.lib /MANIFEST /MANIFESTUAC:"level='asInvoker' uiAccess='false'" /manifest:embed /PDB:"D:\OpenCVFrame\OpenCVFrame\Haze2\Haze2\x64\Release\Haze2.pdb" /TLBID:1 /DYNAMICBASE /NXCOMPAT /IMPLIB:"D:\OpenCVFrame\OpenCVFrame\Haze2\Haze2\x64\Release\Haze2.lib" /MACHINE:X64 x64\Release\Haze2.obj
         x64\Release\HazeRemoval.obj
         x64\Release\stdafx.obj
         Haze2.vcxproj -> D:\OpenCVFrame\OpenCVFrame\Haze2\Haze2\x64\Release\Haze2.exe
     1>已完成生成项目“D:\OpenCVFrame\OpenCVFrame\Haze2\Haze2\Haze2.vcxproj”(Build 个目标)的操作。

生成成功。

已用时间 00:00:02.42
